<?xml version="1.0" encoding="UTF-8"?>
<!-- Generated by org.testng.reporters.JUnitReportReporter -->
<testsuite hostname="LTIN199965" failures="0" tests="7" name="testCases.TC_002_Surgeries" time="31.940" errors="0" timestamp="2024-02-19T10:31:39 IST" skipped="0">
  <testcase classname="testCases.TC_002_Surgeries" name="topSurgeries" time="17.096"/>
  <testcase classname="testCases.TC_002_Surgeries" name="generalSurgeries" time="3.803"/>
  <testcase classname="testCases.TC_002_Surgeries" name="practologySurgeries" time="2.802"/>
  <testcase classname="testCases.TC_002_Surgeries" name="orthopedicSurgeries" time="2.705"/>
  <testcase classname="testCases.TC_002_Surgeries" name="ophtomologySurgeries" time="2.463"/>
  <testcase classname="testCases.TC_002_Surgeries" name="urologySurgeries" time="2.014"/>
  <testcase classname="testCases.TC_002_Surgeries" name="cosmeticSurgeries" time="1.057"/>
</testsuite> <!-- testCases.TC_002_Surgeries -->
