<?xml version="1.0" encoding="UTF-8"?>
<!-- Generated by org.testng.reporters.JUnitReportReporter -->
<testsuite hostname="LTIN199965" failures="0" tests="1" name="testCases.TC_003_CorporateWellness_ValidDetails" time="20.945" errors="0" timestamp="2024-02-19T10:31:39 IST" skipped="0">
  <testcase classname="testCases.TC_003_CorporateWellness_ValidDetails" name="openingCorporateWellness" time="20.945"/>
</testsuite> <!-- testCases.TC_003_CorporateWellness_ValidDetails -->
