<?xml version="1.0" encoding="UTF-8"?>
<!-- Generated by org.testng.reporters.JUnitReportReporter -->
<testsuite hostname="LTIN199965" failures="0" tests="2" name="testCases.TC_001_SearchingDentists" time="38.590" errors="0" timestamp="2024-02-19T10:31:39 IST" skipped="0">
  <testcase classname="testCases.TC_001_SearchingDentists" name="gettingDentists" time="32.388"/>
  <testcase classname="testCases.TC_001_SearchingDentists" name="searchingDentists" time="6.202"/>
</testsuite> <!-- testCases.TC_001_SearchingDentists -->
